<?xml version="1.0" encoding="UTF-8"?>
<testsuite xmlns:xsi="http://www.w3.org/2001/XMLSchema-instance" xsi:noNamespaceSchemaLocation="https://maven.apache.org/surefire/maven-surefire-plugin/xsd/surefire-test-report.xsd" name="CreateOrderTest" time="1.511" tests="4" errors="0" skipped="0" failures="0">
  <properties>
[...]
</properties>
  <testcase name="createOrderPositiveTest[0]" classname="CreateOrderTest" time="0.39"/>
  <testcase name="createOrderPositiveTest[1]" classname="CreateOrderTest" time="0.374"/>
  <testcase name="createOrderPositiveTest[2]" classname="CreateOrderTest" time="0.365"/>
  <testcase name="createOrderPositiveTest[3]" classname="CreateOrderTest" time="0.354"/>
</testsuite>